<?xml version="1.0" encoding="UTF-8"?>
<!-- Generated by org.testng.reporters.JUnitReportReporter -->
<testsuite hostname="ADMIN" failures="0" tests="3" name="swaq_lab.TestCaseaAddtoCart" time="16.631" errors="0" timestamp="2023-10-24T13:14:02 EET" skipped="0">
  <testcase classname="swaq_lab.TestCaseaAddtoCart" name="LoginWithProblemUser" time="4.634"/>
  <system-out/>
  <testcase classname="swaq_lab.TestCaseaAddtoCart" name="LoginWithStandardUSer" time="3.405"/>
  <system-out/>
  <testcase classname="swaq_lab.TestCaseaAddtoCart" name="LoginWithPerformanceUser" time="8.592"/>
  <system-out/>
</testsuite> <!-- swaq_lab.TestCaseaAddtoCart -->
